100
46 2 4 6 7 8 9 10 12 18 19 21 25 27 28 32 34 35 40 42 44 45 46 47 51 52 54 58 62 63 64 67 69 71 75 78 81 82 83 84 88 91 94 96 97 98 99 
53 2 4 6 7 11 12 13 16 19 21 22 23 28 36 38 39 42 43 44 45 46 47 49 53 56 57 60 62 63 64 65 67 68 70 71 72 73 76 77 78 80 83 84 87 88 89 92 94 95 96 97 98 99 
55 1 6 8 9 10 11 12 13 15 16 21 22 23 24 25 26 28 32 33 34 36 37 40 41 42 43 44 47 49 50 52 54 55 58 60 61 63 67 70 71 72 75 78 80 81 83 84 85 87 89 92 94 95 97 98 
51 0 2 4 6 7 11 13 16 17 19 20 21 23 26 27 28 29 31 33 36 37 38 42 43 44 45 46 48 49 51 55 59 61 64 66 67 68 73 75 79 80 81 82 83 87 88 89 90 92 97 99 
57 3 6 7 8 10 12 13 15 17 18 20 22 24 26 27 28 30 31 34 35 38 41 42 44 45 47 49 50 51 54 56 57 58 59 61 62 64 65 69 71 74 75 80 81 83 85 86 87 88 89 91 92 93 95 96 97 99 
42 0 1 2 9 13 14 15 16 17 19 20 22 26 29 30 31 34 37 42 43 46 47 54 55 60 62 65 70 73 75 76 80 82 83 84 85 88 91 92 94 97 98 
49 1 4 7 8 9 10 11 13 14 16 17 18 21 23 25 26 27 30 35 38 39 40 45 47 48 50 51 52 54 56 57 61 68 73 76 78 80 81 82 85 87 88 89 91 92 94 96 97 99 
46 5 6 9 10 11 12 14 15 16 18 19 21 24 25 26 28 29 32 34 38 44 50 51 52 53 55 58 59 60 62 63 64 67 70 71 72 75 77 78 79 82 84 85 90 93 94 
42 1 2 3 4 5 12 14 20 21 22 25 30 34 35 38 39 41 45 48 50 53 54 55 56 57 61 63 64 65 69 71 75 78 79 83 84 88 90 91 93 94 99 
55 1 3 4 5 6 7 8 10 13 14 16 17 19 20 21 22 24 25 26 27 28 31 32 33 36 37 41 47 50 51 56 62 64 65 67 69 70 72 74 77 78 79 82 83 84 85 86 87 89 90 92 93 94 98 99 
54 0 1 5 6 7 8 9 12 13 14 18 19 22 24 25 26 27 28 30 31 36 37 39 40 42 43 45 50 51 52 53 55 60 61 62 64 66 67 69 70 71 73 76 78 83 84 85 87 88 91 92 95 98 99 
39 5 6 7 12 14 17 23 26 27 28 29 32 33 37 44 45 46 47 48 49 51 54 59 61 66 71 73 74 76 77 80 82 84 89 90 93 94 96 98 
41 1 2 3 7 8 9 17 18 20 21 22 26 28 32 36 38 40 46 47 48 49 51 52 57 59 61 62 63 64 67 71 78 82 84 87 89 90 91 92 93 96 
49 0 4 6 7 10 15 16 20 21 25 28 29 32 33 40 41 42 43 45 46 47 48 49 52 53 54 58 59 63 65 68 71 73 74 75 77 78 79 80 82 86 87 88 91 92 93 95 97 98 
47 0 4 5 6 7 10 11 15 16 17 19 20 21 23 24 25 26 29 34 35 36 41 42 45 47 49 51 52 53 55 56 57 62 63 64 67 71 73 76 78 80 84 85 86 88 90 94 
56 0 2 4 5 7 8 10 11 13 14 18 20 22 23 25 27 28 29 30 31 32 33 39 43 45 47 48 49 52 53 55 57 58 59 60 61 62 63 65 66 67 73 76 78 81 82 84 85 86 89 92 93 96 97 98 99 
50 0 5 9 12 14 15 17 21 23 25 28 33 35 38 40 41 42 44 45 47 49 50 51 52 54 55 56 57 60 61 63 64 66 67 68 69 70 71 74 75 76 79 83 84 85 88 89 90 91 98 
50 1 2 4 5 8 11 15 18 19 21 26 27 29 31 33 34 36 37 39 41 42 43 46 49 50 51 52 55 56 60 64 65 66 67 68 71 72 73 75 76 77 80 84 85 86 88 91 93 97 99 
51 0 1 2 6 7 8 9 10 12 16 17 19 20 21 24 29 30 32 33 34 41 43 44 45 46 47 50 51 53 54 56 63 64 66 67 69 73 75 77 81 82 84 86 87 88 89 91 94 96 97 98 
52 1 2 3 6 10 13 14 15 20 21 22 25 26 28 29 30 37 38 39 42 43 45 47 49 51 54 55 56 58 59 61 62 64 65 66 69 71 74 77 78 79 82 83 84 85 90 91 92 93 95 97 99 
42 0 3 4 5 6 9 13 18 19 21 23 24 28 29 32 33 34 36 38 42 43 44 50 53 63 64 65 66 68 69 71 72 74 77 78 80 84 88 89 91 92 99 
43 1 5 6 8 10 13 14 16 18 19 23 26 27 28 29 30 34 40 43 45 48 52 53 54 58 60 63 68 69 70 72 73 74 75 77 78 80 83 85 87 89 93 95 
48 3 4 5 6 7 8 11 13 18 24 26 28 32 34 36 37 40 42 43 44 46 47 48 49 50 52 53 54 55 57 63 64 67 68 72 73 74 77 78 79 80 81 82 83 84 87 93 96 
58 2 5 6 9 11 12 13 14 15 16 18 19 21 26 27 30 33 35 36 38 39 40 43 44 49 50 51 52 54 55 58 59 61 63 64 66 69 70 72 74 75 78 79 80 81 82 83 84 86 89 91 92 93 94 95 97 98 99 
48 3 5 6 7 8 11 12 14 17 18 25 26 27 29 31 33 34 35 40 43 44 45 47 49 50 57 58 62 63 64 65 66 67 69 70 71 78 79 80 81 82 83 85 87 89 92 96 98 
49 2 3 4 5 6 10 11 14 15 21 22 24 26 27 28 29 32 34 35 39 40 42 43 44 46 47 51 52 54 59 60 62 64 65 66 67 69 71 72 75 76 83 85 86 87 90 96 98 99 
56 2 4 6 7 9 11 17 18 21 22 23 24 27 28 31 32 33 35 36 37 39 42 43 44 46 48 49 50 53 54 57 58 59 60 61 65 66 67 69 70 72 73 74 79 80 81 82 84 88 89 91 93 94 97 98 99 
47 5 6 14 16 18 19 20 21 22 23 25 26 28 30 32 33 35 36 37 47 48 53 55 56 59 63 64 65 66 73 74 75 78 79 80 81 82 84 85 90 92 93 94 95 97 98 99 
51 1 3 4 6 7 8 9 11 12 13 16 17 20 21 23 27 29 30 31 33 34 37 38 39 41 42 44 47 48 49 52 53 54 55 56 60 62 64 65 68 73 76 77 78 88 90 91 92 93 94 96 
50 3 7 8 9 10 13 17 18 20 22 23 25 26 27 33 40 41 44 46 48 50 52 55 57 58 59 60 61 62 64 65 67 69 71 77 79 80 81 82 86 87 88 90 92 93 94 95 97 98 99 
49 0 1 3 4 11 17 19 20 21 23 24 25 27 29 31 32 33 35 36 37 40 43 48 49 52 54 57 58 59 61 62 63 64 65 66 70 71 72 74 76 77 78 81 86 87 88 89 92 99 
49 0 1 4 6 7 9 11 12 14 15 16 17 18 20 25 26 27 32 34 35 36 42 43 46 47 49 50 53 54 58 60 61 64 68 69 70 75 76 78 79 81 83 86 87 89 90 93 95 96 
42 4 7 11 12 13 16 21 22 24 25 27 29 36 37 39 41 44 46 47 49 51 52 55 56 59 60 62 63 65 71 73 76 77 78 80 82 83 87 89 94 96 97 
52 0 1 3 7 8 10 11 12 13 19 20 22 23 24 26 29 31 32 34 35 40 41 45 46 50 51 52 54 57 60 62 64 70 72 73 74 75 76 77 78 81 83 86 87 89 90 91 92 94 95 96 98 
50 0 1 3 4 6 8 10 11 13 14 15 17 18 19 20 23 24 25 27 28 30 31 35 37 38 39 45 46 51 54 57 61 62 63 64 65 69 70 72 74 75 79 80 82 83 85 86 89 95 98 
52 1 2 3 4 6 9 10 13 14 15 18 19 22 25 26 28 30 31 34 36 38 45 47 49 52 53 55 56 58 61 63 64 65 66 67 68 69 70 75 76 82 83 84 85 86 89 93 94 95 96 97 99 
58 6 7 8 10 15 19 20 21 22 23 24 26 28 29 30 31 32 33 34 35 37 38 40 41 44 46 48 49 50 52 56 57 58 59 60 61 62 63 64 65 68 69 70 71 72 74 75 76 80 84 85 88 90 92 93 94 97 98 
43 1 2 5 6 8 10 11 14 20 27 28 29 30 32 34 35 38 44 46 49 51 52 54 56 60 61 62 63 64 66 68 70 71 74 75 76 84 85 89 90 94 95 97 
53 1 2 3 4 5 6 8 10 11 14 18 22 23 26 28 29 33 35 39 41 44 45 46 47 48 51 52 53 54 58 60 63 64 65 67 68 69 70 72 73 75 79 80 83 85 86 90 91 93 95 96 98 99 
51 2 4 6 7 9 12 13 15 19 21 22 24 25 27 28 29 35 38 41 42 43 48 50 51 52 57 58 59 60 64 65 66 68 69 70 72 73 74 76 79 80 82 84 87 88 90 91 93 94 98 99 
50 0 1 2 5 7 12 14 16 18 19 20 23 24 25 29 30 34 38 39 41 42 44 47 48 49 50 51 52 54 55 56 57 58 62 63 70 72 74 77 82 84 85 87 88 89 90 93 94 97 98 
50 0 1 2 3 5 6 11 13 15 18 20 21 26 28 29 31 32 33 34 35 37 39 40 43 45 48 49 51 62 63 64 65 67 68 69 72 76 78 80 81 82 83 87 88 89 90 91 96 98 99 
42 0 2 4 6 9 10 11 17 19 20 22 26 27 28 31 33 34 35 37 38 40 45 46 47 48 49 54 57 58 61 67 68 70 73 75 79 81 83 84 87 90 92 
54 1 4 5 9 10 11 12 14 17 18 19 23 27 30 31 35 41 42 45 47 49 52 53 54 56 57 58 59 60 61 64 65 66 67 68 72 73 74 75 78 80 81 82 83 84 87 88 89 90 91 92 94 97 99 
58 1 2 4 7 8 9 12 13 14 15 16 18 19 25 26 27 29 30 31 38 42 43 46 47 48 49 50 51 52 53 55 57 58 60 61 62 64 67 68 69 70 73 76 78 79 81 82 83 86 87 88 89 90 91 92 95 98 99 
40 5 7 8 10 11 14 19 20 22 25 27 28 31 33 34 35 41 44 46 48 50 58 59 60 67 71 73 74 77 79 80 81 83 85 86 88 89 93 95 96 
49 3 5 7 10 14 16 17 18 19 23 26 27 29 35 39 40 42 43 44 45 47 48 50 51 52 53 57 58 61 64 65 68 69 70 71 72 74 76 79 80 83 86 87 89 91 94 95 96 99 
44 0 2 4 7 8 10 12 13 15 18 19 21 24 28 29 30 33 34 36 40 43 44 48 52 53 55 57 58 61 62 63 64 65 68 69 70 72 84 86 89 93 94 97 99 
44 1 2 7 10 18 19 20 21 24 26 28 31 36 37 39 40 42 43 45 47 50 57 59 63 64 66 67 69 70 73 74 76 77 79 81 82 83 86 88 89 91 92 96 97 
51 0 1 3 6 7 8 9 13 14 15 16 19 21 22 23 26 28 29 31 33 35 36 38 42 44 45 46 47 48 51 53 57 58 59 61 65 67 68 72 73 74 79 80 81 83 86 90 93 96 97 99 
53 0 2 3 4 5 7 9 10 13 14 16 17 18 20 22 23 27 29 30 34 35 38 40 41 43 44 45 48 52 55 57 58 59 61 62 63 64 66 68 69 71 72 77 80 82 84 86 89 90 91 95 96 99 
50 1 6 7 8 9 10 11 14 18 20 21 22 23 24 26 28 31 32 33 34 38 39 40 41 42 48 49 54 57 58 61 62 64 65 67 71 75 77 78 80 88 89 90 91 93 94 96 97 98 99 
56 1 2 3 4 5 6 7 8 11 14 19 20 21 23 24 25 26 27 28 29 33 34 37 38 39 40 42 44 47 49 51 54 56 59 62 64 69 70 71 72 73 74 77 78 80 81 82 83 84 85 89 91 92 93 96 97 
53 1 5 7 8 9 10 11 13 14 15 16 17 19 20 22 23 24 27 29 30 33 34 35 37 38 39 42 47 48 49 54 55 56 57 61 63 64 68 69 74 75 80 83 84 85 87 88 89 92 93 94 98 99 
52 1 2 4 5 7 8 9 10 13 15 16 18 19 20 24 27 29 31 34 37 38 39 40 43 45 48 49 50 52 56 57 61 65 66 67 69 72 73 74 75 77 78 79 81 83 86 88 89 90 94 95 96 
54 0 1 3 6 11 12 13 15 17 18 19 20 22 24 26 27 31 32 34 35 38 39 41 42 43 44 46 47 49 50 51 53 54 62 63 64 65 66 67 69 72 73 77 82 83 85 86 87 91 92 93 96 98 99 
51 1 3 6 7 9 10 11 16 18 19 20 23 26 29 31 33 39 42 43 44 45 50 51 52 55 57 59 61 66 69 71 74 75 76 77 78 80 81 82 83 85 86 88 89 90 93 94 95 97 98 99 
49 1 2 3 7 9 11 15 18 19 20 23 25 26 27 29 30 31 32 33 35 37 38 39 41 44 47 48 50 51 53 55 56 58 61 62 67 71 72 73 74 75 78 81 83 85 87 88 91 98 
46 0 1 2 5 6 7 10 11 12 14 16 19 20 23 25 26 28 29 33 34 35 38 40 41 42 43 45 48 52 55 57 69 75 78 81 84 85 86 91 92 93 95 96 97 98 99 
49 0 1 3 4 6 11 12 14 15 16 21 22 25 26 27 30 32 34 37 40 45 47 53 54 55 57 58 62 64 66 67 69 71 74 76 79 80 81 82 83 86 87 90 91 92 93 95 98 99 
46 0 3 4 5 9 10 12 14 16 18 21 25 28 29 30 32 33 35 41 45 46 47 49 50 51 52 53 58 59 62 63 71 75 76 77 79 83 85 86 87 88 90 92 93 97 99 
51 0 1 5 6 8 9 10 11 12 14 15 17 19 22 24 28 29 30 34 35 36 38 40 41 48 49 58 60 63 65 66 69 70 73 77 78 80 81 82 83 85 86 87 90 91 92 94 95 96 97 98 
46 2 4 5 6 7 8 9 10 12 13 14 17 18 19 20 21 24 28 29 30 36 40 41 46 48 50 51 54 57 59 63 69 71 72 73 77 79 80 82 84 85 88 89 90 92 98 
52 4 6 7 8 12 13 16 19 21 23 27 28 29 30 33 34 35 36 37 40 41 45 46 47 48 50 51 55 56 57 58 59 60 61 62 64 66 67 71 72 74 77 78 82 84 88 92 93 94 97 98 99 
52 2 3 5 6 8 12 13 14 15 18 22 26 28 29 31 32 33 34 36 38 39 41 42 44 47 53 56 58 59 62 63 66 68 70 72 78 79 80 81 82 83 84 85 86 87 89 90 91 92 96 97 99 
51 0 1 3 7 9 10 13 16 18 20 21 24 26 29 31 32 33 34 35 36 37 40 41 42 45 47 48 49 54 57 59 60 61 63 64 66 70 75 76 79 80 82 84 85 87 88 89 90 91 93 99 
51 0 1 2 4 6 12 15 17 18 19 21 25 26 29 30 31 33 34 36 37 39 43 44 48 49 50 53 54 55 56 57 59 60 62 64 67 70 71 73 75 81 82 85 86 89 90 91 94 96 97 98 
54 0 5 6 10 11 12 16 17 18 19 20 23 24 25 29 30 33 35 36 37 38 39 40 41 44 45 47 50 53 55 56 58 60 61 63 64 65 68 70 71 72 73 74 75 76 77 78 81 83 84 88 91 93 96 
47 1 2 6 7 16 19 21 23 24 25 26 28 29 31 32 35 37 40 41 47 48 49 50 51 53 55 57 58 60 61 62 63 64 65 66 67 70 72 74 89 90 91 93 94 97 98 99 
54 1 2 3 10 12 19 21 23 25 27 28 29 32 34 35 37 38 39 43 44 46 47 48 49 51 53 54 56 57 59 60 61 65 67 70 71 72 73 74 75 76 77 78 79 80 82 84 89 92 94 95 96 97 99 
55 4 6 7 11 12 14 15 18 19 21 23 24 26 27 29 31 32 33 34 37 38 39 42 43 48 49 50 51 52 55 57 60 63 64 65 66 67 68 71 72 73 74 76 78 79 81 82 83 85 92 94 96 97 98 99 
54 0 1 2 3 5 8 9 10 12 14 16 17 18 20 21 27 28 29 32 33 34 35 39 43 45 46 47 49 52 53 55 56 58 59 61 63 64 69 70 73 74 75 79 82 84 85 86 87 88 91 92 95 97 99 
53 0 3 4 7 8 9 11 13 15 17 18 19 20 22 23 28 30 33 34 36 38 39 40 41 43 45 47 51 52 53 54 57 60 61 63 67 68 69 70 74 75 76 84 86 87 88 90 91 93 94 95 96 97 
50 2 5 6 8 9 10 13 14 15 17 18 20 22 25 26 30 32 33 34 35 40 42 43 44 45 47 48 49 51 52 54 58 60 61 65 66 69 70 71 75 77 84 86 87 89 90 92 94 96 99 
55 2 3 4 5 10 11 13 15 16 19 22 23 24 26 27 28 30 31 33 35 36 39 40 41 43 44 45 46 48 49 52 55 58 59 63 65 66 67 69 71 72 73 78 80 81 82 83 84 86 90 91 95 96 98 99 
50 2 3 4 7 8 10 12 14 16 19 20 22 23 28 29 30 31 32 33 34 38 39 42 43 44 45 50 52 54 56 62 69 70 72 73 74 77 78 80 81 85 87 89 90 91 93 94 96 97 98 
50 0 1 3 4 7 9 10 11 15 16 17 18 20 21 23 25 28 30 31 33 37 40 44 46 47 48 49 50 52 55 60 61 62 63 65 68 73 74 77 78 81 82 83 86 87 91 92 94 96 98 
48 2 4 5 6 11 12 14 17 19 20 21 23 25 27 28 29 30 31 33 37 38 39 41 44 48 50 52 53 54 57 65 66 67 70 72 76 83 84 85 86 87 88 89 91 94 96 97 98 
52 0 1 5 6 9 10 11 12 15 16 18 20 21 22 24 25 26 28 29 31 33 34 35 37 39 42 44 46 48 53 54 55 59 63 64 70 71 72 73 76 79 80 83 84 86 90 92 93 94 95 96 98 
54 0 3 4 8 9 10 11 12 15 17 18 20 21 25 27 29 33 34 35 36 37 38 39 40 44 47 48 49 52 56 57 60 61 63 64 65 71 72 74 78 80 82 84 85 86 87 89 91 93 94 95 96 97 98 
44 2 3 5 7 9 11 13 14 25 27 28 30 32 34 35 37 38 41 43 45 46 48 49 52 55 56 57 60 61 64 66 68 72 76 77 78 79 81 84 86 94 96 98 99 
42 0 1 3 4 5 9 10 13 15 17 19 21 23 25 26 30 31 32 33 37 38 39 41 45 50 52 55 57 60 63 64 66 69 74 80 84 87 90 93 97 98 99 
55 1 2 4 5 9 10 12 13 15 16 18 23 24 26 27 28 29 31 33 41 45 46 48 49 50 51 53 54 55 56 58 60 61 62 65 66 67 70 71 73 76 79 83 84 86 87 88 90 91 92 93 95 96 98 99 
46 0 2 3 4 9 10 13 14 17 18 19 20 22 24 25 28 31 34 35 36 40 46 49 57 59 61 63 65 66 68 69 71 72 73 74 76 77 78 79 81 82 88 89 91 93 95 
43 0 2 6 7 14 16 19 20 21 26 27 29 33 34 36 38 40 41 42 43 45 46 49 50 52 56 57 59 61 65 67 68 70 71 73 76 77 79 86 91 93 94 95 
52 0 5 7 8 9 10 11 12 14 16 17 24 27 28 29 31 32 34 37 38 40 41 43 44 47 48 50 54 56 57 59 67 69 71 72 73 74 76 78 79 82 87 88 89 90 91 93 94 95 97 98 99 
55 1 2 4 6 7 8 9 14 17 18 19 20 21 22 23 26 27 28 29 32 33 34 36 40 44 45 46 47 48 50 53 55 57 58 59 60 62 64 69 72 75 76 77 78 80 84 85 87 91 92 93 95 96 97 99 
50 0 1 3 4 5 11 12 15 17 19 25 27 29 30 32 33 34 35 36 43 44 45 46 48 49 50 51 52 54 55 56 59 60 64 65 66 68 71 73 74 76 77 79 81 85 88 90 91 98 99 
39 7 9 11 12 16 19 23 26 31 33 35 36 39 40 45 47 48 51 52 53 57 58 62 63 64 65 67 71 72 73 74 75 77 79 80 81 84 86 87 
42 1 2 5 6 11 12 15 22 25 26 27 29 33 34 37 38 40 46 47 48 50 52 56 57 64 65 67 68 69 70 72 76 80 82 85 88 91 92 95 96 97 99 
53 4 7 8 9 15 16 21 25 29 30 31 35 36 37 38 39 41 42 43 44 45 46 47 48 50 52 53 55 56 57 58 60 64 67 69 72 74 75 76 77 78 79 82 83 84 87 88 89 91 93 94 97 98 
57 0 1 2 3 4 5 6 7 8 11 12 13 14 17 19 20 22 23 24 25 26 27 33 34 40 41 43 44 45 46 47 49 51 52 53 55 56 58 59 60 62 66 68 70 72 76 78 80 81 84 85 87 88 94 96 97 98 
51 0 3 5 6 7 11 12 14 15 17 19 20 23 24 28 29 35 36 39 42 47 48 49 51 52 53 55 56 57 58 61 64 66 68 69 71 72 76 77 78 82 83 84 87 88 89 90 94 96 98 99 
58 2 3 5 9 15 17 18 19 20 22 23 24 25 26 27 28 30 31 32 33 35 37 39 40 41 44 46 49 54 55 56 57 58 59 60 61 62 63 65 66 69 70 71 73 74 75 76 80 81 82 83 84 85 86 91 94 97 98 
42 0 3 4 7 9 12 15 20 21 25 27 28 29 30 31 35 37 42 43 45 48 50 51 52 54 55 59 60 62 63 71 72 73 76 77 80 84 88 89 91 93 96 
44 0 3 4 5 7 8 9 10 15 19 21 26 27 32 37 38 39 40 41 42 43 45 50 56 57 59 60 63 64 65 66 68 69 74 77 81 83 84 85 86 87 90 93 98 
50 0 1 2 4 7 8 9 11 15 17 18 20 21 23 24 26 27 31 32 36 38 40 43 44 45 48 52 54 56 57 59 60 62 64 66 67 71 76 77 78 81 82 83 87 88 91 92 94 98 99 
48 0 4 5 8 9 12 14 15 16 18 19 27 29 30 31 32 35 38 40 41 42 43 44 45 48 49 50 51 52 56 57 59 61 63 64 66 67 68 75 77 79 80 82 84 88 89 93 94 
33 0 1 3 10 12 16 17 18 24 27 35 36 37 39 53 63 64 66 70 72 76 77 78 79 80 83 84 85 87 93 95 97 99 
50 0 1 2 6 10 11 12 15 17 19 20 22 24 25 27 28 30 31 38 39 40 42 46 47 49 51 52 58 59 60 61 63 64 65 66 70 72 73 74 75 77 79 83 84 86 87 88 89 91 95 
