100
16 8 10 15 16 22 29 37 41 43 44 49 57 65 68 82 96 
10 12 26 33 54 61 67 80 92 93 99 
6 0 30 38 90 92 96 
6 16 19 37 59 76 97 
10 13 15 17 34 38 44 51 52 68 80 
10 17 18 22 23 28 36 51 61 84 99 
17 1 13 17 23 34 43 44 48 54 56 65 71 72 73 78 86 89 
6 33 38 65 74 89 91 
5 7 16 79 84 90 
9 0 2 7 25 41 50 54 80 83 
11 0 26 32 48 49 51 53 60 69 82 83 
7 9 12 19 22 37 80 83 
10 5 18 28 57 64 65 73 86 98 99 
14 9 12 22 24 26 34 36 37 59 61 69 84 91 97 
6 3 29 45 73 74 95 
13 2 18 21 36 42 46 49 54 55 60 75 78 85 
8 10 19 21 34 38 61 62 82 
10 1 16 18 34 40 46 56 64 92 95 
10 8 14 24 50 65 70 73 74 89 92 
6 0 46 52 54 58 66 
11 1 9 10 11 12 18 31 72 76 84 94 
9 9 13 17 22 42 49 69 84 99 
9 0 40 47 48 50 68 74 84 88 
6 10 48 67 77 81 84 
14 1 17 28 43 55 56 69 72 73 75 77 80 93 94 
13 0 5 6 11 37 39 41 50 62 72 76 91 97 
6 20 54 57 68 73 80 
7 4 11 19 45 69 74 92 
8 20 22 34 39 42 54 60 86 
12 3 7 8 34 46 58 61 83 85 86 88 91 
11 6 21 28 36 38 49 51 53 61 86 90 
9 14 27 29 52 74 75 79 87 92 
9 10 38 48 52 72 75 76 81 88 
9 11 31 34 48 51 71 72 84 89 
10 26 30 40 41 42 58 64 66 87 90 
10 4 20 23 49 55 57 58 73 93 98 
14 7 14 17 26 33 46 49 61 70 71 76 82 86 94 
13 3 12 22 44 45 51 55 61 62 69 71 89 90 
10 5 13 28 37 40 50 54 74 78 83 
6 3 23 25 40 68 96 
8 5 7 8 12 21 39 43 95 
8 2 6 10 11 26 37 76 90 
10 11 15 16 20 32 39 51 72 79 86 
14 3 9 18 25 26 27 34 41 53 78 79 84 86 98 
7 9 10 12 50 60 70 86 
11 6 13 23 37 40 53 57 67 73 79 90 
6 5 14 15 75 91 99 
11 22 41 45 46 56 59 60 83 86 87 91 
10 13 24 31 36 45 49 52 70 81 85 
5 33 40 62 77 81 
11 8 20 24 32 34 38 52 56 61 62 63 
12 2 11 15 32 36 47 48 59 65 70 84 85 
16 5 21 23 35 43 48 60 62 68 70 73 75 83 84 92 99 
12 2 15 24 27 39 59 61 65 84 88 96 99 
8 4 19 21 40 46 65 79 93 
9 15 30 33 48 54 58 63 78 90 
5 7 11 51 80 89 
12 6 10 27 28 34 43 55 61 64 83 87 88 
13 5 30 33 35 43 44 46 49 50 65 72 87 90 
12 4 7 9 12 40 43 47 55 62 63 71 86 
15 4 15 18 21 29 42 49 54 69 71 75 78 79 82 89 
8 10 50 64 71 79 82 85 89 
11 4 23 51 54 58 60 79 89 91 96 98 
10 13 17 23 53 54 67 88 92 96 98 
8 1 8 11 13 22 39 48 79 
7 6 15 20 28 35 46 63 
9 5 6 19 31 35 49 60 75 96 
7 22 23 37 48 77 79 93 
12 4 11 15 21 31 33 34 64 70 75 82 90 
13 5 26 27 31 44 46 56 60 63 68 74 78 95 
9 7 10 24 36 41 45 53 66 86 
7 9 35 37 60 61 72 79 
9 4 16 17 22 39 48 55 79 98 
6 17 19 53 77 83 97 
9 10 29 37 53 54 60 77 80 95 
11 8 12 18 41 54 60 61 62 77 82 90 
6 2 4 21 56 62 72 
9 22 34 37 40 43 52 67 94 99 
12 0 6 9 10 17 25 28 47 57 63 85 90 
10 0 1 22 28 59 62 71 74 75 83 
10 24 31 39 48 49 54 65 68 76 92 
12 3 18 36 38 43 47 48 50 53 60 65 82 
9 26 28 31 34 42 52 67 77 79 
14 0 10 12 21 27 30 32 47 76 81 86 87 91 96 
12 2 7 9 38 48 57 61 67 72 79 82 87 
15 2 10 12 34 39 40 50 59 61 63 74 77 83 93 98 
4 24 34 39 42 
9 8 13 18 28 44 49 63 85 86 
10 3 10 29 34 44 60 68 85 94 95 
6 17 23 31 39 63 84 
13 7 19 20 22 27 28 35 38 46 59 66 93 96 
8 22 28 46 54 61 81 84 88 
13 12 24 27 46 49 52 55 56 62 73 80 85 96 
11 1 8 27 29 39 48 49 58 66 69 84 
11 11 23 26 28 38 51 60 61 83 84 96 
10 32 34 36 47 54 58 77 83 87 92 
10 3 7 17 23 42 50 51 58 66 89 
12 23 24 28 32 39 54 67 70 80 88 91 92 
15 3 7 13 24 33 43 45 59 66 79 83 85 90 94 95 
12 3 35 38 39 43 55 67 72 75 83 85 87 
